The target system is: Generic - 2.6.0 - arm
The host system is: Linux - 5.8.0-55-generic - x86_64
Compiling the C compiler identification source file "CMakeCCompilerId.c" succeeded.
Compiler: /home/david/zephyr-sdk-0.12.4/arm-zephyr-eabi/bin/arm-zephyr-eabi-gcc 
Build flags: 
Id flags: -c 

The output was:
0


Compilation of the C compiler identification source "CMakeCCompilerId.c" produced "CMakeCCompilerId.o"

The C compiler identification is GNU, found in "/home/david/Development/iot-project/zephyr-app/final_project/build/CMakeFiles/3.16.3/CompilerIdC/CMakeCCompilerId.o"

Compiling the CXX compiler identification source file "CMakeCXXCompilerId.cpp" succeeded.
Compiler: /home/david/zephyr-sdk-0.12.4/arm-zephyr-eabi/bin/arm-zephyr-eabi-g++ 
Build flags: 
Id flags: -c 

The output was:
0


Compilation of the CXX compiler identification source "CMakeCXXCompilerId.cpp" produced "CMakeCXXCompilerId.o"

The CXX compiler identification is GNU, found in "/home/david/Development/iot-project/zephyr-app/final_project/build/CMakeFiles/3.16.3/CompilerIdCXX/CMakeCXXCompilerId.o"

Checking whether the ASM compiler is GNU using "--version" matched "(GNU assembler)|(GCC)|(Free Software Foundation)":
arm-zephyr-eabi-gcc (crosstool-NG 1.24.0.212_d7da3a9) 10.2.0
Copyright (C) 2020 Free Software Foundation, Inc.
This is free software; see the source for copying conditions.  There is NO
warranty; not even for MERCHANTABILITY or FITNESS FOR A PARTICULAR PURPOSE.

Performing C SOURCE FILE Test check_fmacro_prefix_map__home_david_Development_iot_project_zephyr_app_final_project_CMAKE_SOURCE_DIR_C__nostartfiles__nostdlib__isystem___home_david_zephyr_sdk_0_12_4_arm_zephyr_eabi_bin____lib_gcc_arm_zephyr_eabi_10_2_0_include___isystem___home_david_zephyr_sdk_0_12_4_arm_zephyr_eabi_bin____lib_gcc_arm_zephyr_eabi_10_2_0_include_fixed___Wl___unresolved_symbols_ignore_in_object_files__Wl___entry_0 succeeded with the following output:
Change Dir: /home/david/Development/iot-project/zephyr-app/final_project/build/CMakeFiles/CMakeTmp

Run Build Command(s):/usr/bin/ninja cmTC_c2030 && [1/2] Building C object CMakeFiles/cmTC_c2030.dir/src.c.obj
[2/2] Linking C executable cmTC_c2030


Source file was:
int main(void) { return 0; }
Performing C++ SOURCE FILE Test check_fmacro_prefix_map__home_david_Development_iot_project_zephyr_app_final_project_CMAKE_SOURCE_DIR_CXX__nostartfiles__nostdlib__isystem___home_david_zephyr_sdk_0_12_4_arm_zephyr_eabi_bin____lib_gcc_arm_zephyr_eabi_10_2_0_include___isystem___home_david_zephyr_sdk_0_12_4_arm_zephyr_eabi_bin____lib_gcc_arm_zephyr_eabi_10_2_0_include_fixed___Wl___unresolved_symbols_ignore_in_object_files__Wl___entry_0 succeeded with the following output:
Change Dir: /home/david/Development/iot-project/zephyr-app/final_project/build/CMakeFiles/CMakeTmp

Run Build Command(s):/usr/bin/ninja cmTC_63566 && [1/2] Building CXX object CMakeFiles/cmTC_63566.dir/src.cxx.obj
[2/2] Linking CXX executable cmTC_63566


Source file was:
int main() { return 0; }
