The target system is: Generic - 2.4.99 - riscv
The host system is: Linux - 5.8.0-50-generic - x86_64
Compiling the C compiler identification source file "CMakeCCompilerId.c" succeeded.
Compiler: /home/david/zephyr-sdk-0.12.4/riscv64-zephyr-elf/bin/riscv64-zephyr-elf-gcc 
Build flags: 
Id flags:  

The output was:
0


Compilation of the C compiler identification source "CMakeCCompilerId.c" produced "a.out"

The C compiler identification is GNU, found in "/home/david/Development/zephyr/zephyr/samples/cpp_synchronization/build/CMakeFiles/3.16.3/CompilerIdC/a.out"

Compiling the CXX compiler identification source file "CMakeCXXCompilerId.cpp" succeeded.
Compiler: /home/david/zephyr-sdk-0.12.4/riscv64-zephyr-elf/bin/riscv64-zephyr-elf-g++ 
Build flags: 
Id flags:  

The output was:
0


Compilation of the CXX compiler identification source "CMakeCXXCompilerId.cpp" produced "a.out"

The CXX compiler identification is GNU, found in "/home/david/Development/zephyr/zephyr/samples/cpp_synchronization/build/CMakeFiles/3.16.3/CompilerIdCXX/a.out"

Checking whether the ASM compiler is GNU using "--version" matched "(GNU assembler)|(GCC)|(Free Software Foundation)":
riscv64-zephyr-elf-gcc (crosstool-NG 1.24.0.212_d7da3a9) 10.2.0
Copyright (C) 2020 Free Software Foundation, Inc.
This is free software; see the source for copying conditions.  There is NO
warranty; not even for MERCHANTABILITY or FITNESS FOR A PARTICULAR PURPOSE.

Performing C SOURCE FILE Test check_fmacro_prefix_map__home_david_Development_zephyr_zephyr_ZEPHYR_BASE_C__nostartfiles__nostdlib__isystem___home_david_zephyr_sdk_0_12_4_riscv64_zephyr_elf_bin____lib_gcc_riscv64_zephyr_elf_10_2_0_include___isystem___home_david_zephyr_sdk_0_12_4_riscv64_zephyr_elf_bin____lib_gcc_riscv64_zephyr_elf_10_2_0_include_fixed___Wl___unresolved_symbols_ignore_in_object_files__Wl___entry_0 succeeded with the following output:
Change Dir: /home/david/Development/zephyr/zephyr/samples/cpp_synchronization/build/CMakeFiles/CMakeTmp

Run Build Command(s):/usr/bin/ninja cmTC_63416 && [1/2] Building C object CMakeFiles/cmTC_63416.dir/src.c.obj
[2/2] Linking C executable cmTC_63416


Source file was:
int main(void) { return 0; }
Performing C++ SOURCE FILE Test check_fmacro_prefix_map__home_david_Development_zephyr_zephyr_ZEPHYR_BASE_CXX__nostartfiles__nostdlib__isystem___home_david_zephyr_sdk_0_12_4_riscv64_zephyr_elf_bin____lib_gcc_riscv64_zephyr_elf_10_2_0_include___isystem___home_david_zephyr_sdk_0_12_4_riscv64_zephyr_elf_bin____lib_gcc_riscv64_zephyr_elf_10_2_0_include_fixed___Wl___unresolved_symbols_ignore_in_object_files__Wl___entry_0 succeeded with the following output:
Change Dir: /home/david/Development/zephyr/zephyr/samples/cpp_synchronization/build/CMakeFiles/CMakeTmp

Run Build Command(s):/usr/bin/ninja cmTC_e90cc && [1/2] Building CXX object CMakeFiles/cmTC_e90cc.dir/src.cxx.obj
[2/2] Linking CXX executable cmTC_e90cc


Source file was:
int main() { return 0; }
Performing C SOURCE FILE Test check_fmacro_prefix_map__home_david_Development_zephyr_WEST_TOPDIR_C__nostartfiles__nostdlib__isystem___home_david_zephyr_sdk_0_12_4_riscv64_zephyr_elf_bin____lib_gcc_riscv64_zephyr_elf_10_2_0_include___isystem___home_david_zephyr_sdk_0_12_4_riscv64_zephyr_elf_bin____lib_gcc_riscv64_zephyr_elf_10_2_0_include_fixed___Wl___unresolved_symbols_ignore_in_object_files__Wl___entry_0 succeeded with the following output:
Change Dir: /home/david/Development/zephyr/zephyr/samples/cpp_synchronization/build/CMakeFiles/CMakeTmp

Run Build Command(s):/usr/bin/ninja cmTC_e24e7 && [1/2] Building C object CMakeFiles/cmTC_e24e7.dir/src.c.obj
[2/2] Linking C executable cmTC_e24e7


Source file was:
int main(void) { return 0; }
Performing C++ SOURCE FILE Test check_fmacro_prefix_map__home_david_Development_zephyr_WEST_TOPDIR_CXX__nostartfiles__nostdlib__isystem___home_david_zephyr_sdk_0_12_4_riscv64_zephyr_elf_bin____lib_gcc_riscv64_zephyr_elf_10_2_0_include___isystem___home_david_zephyr_sdk_0_12_4_riscv64_zephyr_elf_bin____lib_gcc_riscv64_zephyr_elf_10_2_0_include_fixed___Wl___unresolved_symbols_ignore_in_object_files__Wl___entry_0 succeeded with the following output:
Change Dir: /home/david/Development/zephyr/zephyr/samples/cpp_synchronization/build/CMakeFiles/CMakeTmp

Run Build Command(s):/usr/bin/ninja cmTC_27151 && [1/2] Building CXX object CMakeFiles/cmTC_27151.dir/src.cxx.obj
[2/2] Linking CXX executable cmTC_27151


Source file was:
int main() { return 0; }
